<?xml version="1.0" encoding="UTF-8"?>
<!-- Generated by org.testng.reporters.JUnitReportReporter -->
<testsuite hostname="DESKTOP-FE2EINF" failures="0" tests="1" name="com.SauceDemo_TestClasses.TC01_VerifyLoginFunctionality" time="5.429" errors="0" timestamp="2022-10-09T22:28:12 IST" skipped="0">
  <testcase classname="com.SauceDemo_TestClasses.TC01_VerifyLoginFunctionality" name="verifyLoginFunctionality" time="5.429"/>
  <system-out/>
</testsuite> <!-- com.SauceDemo_TestClasses.TC01_VerifyLoginFunctionality -->
